Dataset size: 10170
Train size: 8137
Val size: 2033
Epoch: 1
Executed in 0.034712815284729005 minutes
Epoch: 2
Executed in 0.03345104455947876 minutes
Epoch: 3
Executed in 0.03692889213562012 minutes
Epoch: 4
Executed in 0.03570448160171509 minutes
Epoch: 5
Executed in 0.035400052865346275 minutes
Epoch: 6
Executed in 0.03637055158615112 minutes
Epoch: 7
Executed in 0.03258324066797892 minutes
Epoch: 8
Executed in 0.03368913729985555 minutes
Epoch: 9
Executed in 0.03346055746078491 minutes
Epoch: 10
Executed in 0.034177176157633465 minutes
Epoch: 11
Executed in 0.032455201943715414 minutes
Epoch: 12
Executed in 0.029307758808135985 minutes
Epoch: 13
Executed in 0.033828397591908775 minutes
Epoch: 14
Executed in 0.030204904079437257 minutes
Epoch: 15
Executed in 0.032704444726308186 minutes
Epoch: 16
Executed in 0.029187655448913573 minutes
Epoch: 17
Executed in 0.029139769077301026 minutes
Epoch: 18
Executed in 0.029495620727539064 minutes
Epoch: 19
Executed in 0.030173257986704508 minutes
Epoch: 20
Executed in 0.0305099089940389 minutes
Epoch: 21
Executed in 0.028282928466796874 minutes
Epoch: 22
Executed in 0.029959356784820555 minutes
Epoch: 23
Executed in 0.02938157320022583 minutes
Epoch: 24
Executed in 0.030254697799682616 minutes
Epoch: 25
Executed in 0.02990791400273641 minutes
Epoch: 26
Executed in 0.031419928868611655 minutes
Epoch: 27
Executed in 0.030643645922342935 minutes
Epoch: 28
Executed in 0.027607651551564534 minutes
Epoch: 29
Executed in 0.029469327131907145 minutes
Epoch: 30
Executed in 0.02899499734242757 minutes
Epoch: 31
Executed in 0.02929428021113078 minutes
Epoch: 32
Executed in 0.029211799303690594 minutes
Epoch: 33
Executed in 0.02953877846399943 minutes
Epoch: 34
Executed in 0.031015761693318687 minutes
Epoch: 35
Executed in 0.029135008653004963 minutes
Epoch: 36
Executed in 0.03389457861582438 minutes
Epoch: 37
Executed in 0.03298993508021037 minutes
Epoch: 38
Executed in 0.03175959587097168 minutes
Epoch: 39
Executed in 0.03398433923721313 minutes
Epoch: 40
Executed in 0.03127400477727254 minutes
Epoch: 41
Executed in 0.0304459810256958 minutes
Epoch: 42
Executed in 0.030301729838053387 minutes
Epoch: 43
